
*** Running vivado
    with args -log zsys_axis_to_i2s_0_0.vds -m64 -product Vivado -mode batch -messageDb vivado.pb -notrace -source zsys_axis_to_i2s_0_0.tcl


****** Vivado v2017.1 (64-bit)
  **** SW Build 1846317 on Fri Apr 14 18:55:03 MDT 2017
  **** IP Build 1846188 on Fri Apr 14 20:52:08 MDT 2017
    ** Copyright 1986-2017 Xilinx, Inc. All Rights Reserved.

source zsys_axis_to_i2s_0_0.tcl -notrace
Command: synth_design -top zsys_axis_to_i2s_0_0 -part xc7z010clg225-1 -mode out_of_context
Starting synth_design
Attempting to get a license for feature 'Synthesis' and/or device 'xc7z010-clg225'
INFO: [Common 17-349] Got license for feature 'Synthesis' and/or device 'xc7z010-clg225'
INFO: Launching helper process for spawning children vivado processes
INFO: Helper process launched with PID 3656 
---------------------------------------------------------------------------------
Starting RTL Elaboration : Time (s): cpu = 00:00:04 ; elapsed = 00:00:04 . Memory (MB): peak = 325.613 ; gain = 83.184
---------------------------------------------------------------------------------
INFO: [Synth 8-638] synthesizing module 'zsys_axis_to_i2s_0_0' [c:/ZynqBerry/te0726-zynqberrydemo1-vivado_2017.1-build_03_20170705132546/zynqberrydemo1/vivado/zynqberrydemo1.srcs/sources_1/bd/zsys/ip/zsys_axis_to_i2s_0_0/synth/zsys_axis_to_i2s_0_0.vhd:69]
INFO: [Synth 8-3491] module 'axis_to_i2s' declared at 'c:/ZynqBerry/te0726-zynqberrydemo1-vivado_2017.1-build_03_20170705132546/zynqberrydemo1/vivado/zynqberrydemo1.srcs/sources_1/bd/zsys/ipshared/44c1/hdl/axis_to_i2s.vhd:9' bound to instance 'U0' of component 'axis_to_i2s' [c:/ZynqBerry/te0726-zynqberrydemo1-vivado_2017.1-build_03_20170705132546/zynqberrydemo1/vivado/zynqberrydemo1.srcs/sources_1/bd/zsys/ip/zsys_axis_to_i2s_0_0/synth/zsys_axis_to_i2s_0_0.vhd:95]
INFO: [Synth 8-638] synthesizing module 'axis_to_i2s' [c:/ZynqBerry/te0726-zynqberrydemo1-vivado_2017.1-build_03_20170705132546/zynqberrydemo1/vivado/zynqberrydemo1.srcs/sources_1/bd/zsys/ipshared/44c1/hdl/axis_to_i2s.vhd:24]
INFO: [Synth 8-256] done synthesizing module 'axis_to_i2s' (1#1) [c:/ZynqBerry/te0726-zynqberrydemo1-vivado_2017.1-build_03_20170705132546/zynqberrydemo1/vivado/zynqberrydemo1.srcs/sources_1/bd/zsys/ipshared/44c1/hdl/axis_to_i2s.vhd:24]
INFO: [Synth 8-256] done synthesizing module 'zsys_axis_to_i2s_0_0' (2#1) [c:/ZynqBerry/te0726-zynqberrydemo1-vivado_2017.1-build_03_20170705132546/zynqberrydemo1/vivado/zynqberrydemo1.srcs/sources_1/bd/zsys/ip/zsys_axis_to_i2s_0_0/synth/zsys_axis_to_i2s_0_0.vhd:69]
WARNING: [Synth 8-3331] design axis_to_i2s has unconnected port s_axis_aresetn
---------------------------------------------------------------------------------
Finished RTL Elaboration : Time (s): cpu = 00:00:05 ; elapsed = 00:00:05 . Memory (MB): peak = 365.313 ; gain = 122.883
---------------------------------------------------------------------------------

Report Check Netlist: 
+------+------------------+-------+---------+-------+------------------+
|      |Item              |Errors |Warnings |Status |Description       |
+------+------------------+-------+---------+-------+------------------+
|1     |multi_driven_nets |      0|        0|Passed |Multi driven nets |
+------+------------------+-------+---------+-------+------------------+
---------------------------------------------------------------------------------
Finished RTL Optimization Phase 1 : Time (s): cpu = 00:00:05 ; elapsed = 00:00:06 . Memory (MB): peak = 365.313 ; gain = 122.883
---------------------------------------------------------------------------------
INFO: [Device 21-403] Loading part xc7z010clg225-1
INFO: [Project 1-570] Preparing netlist for logic optimization

Processing XDC Constraints
Initializing timing engine
Completed Processing XDC Constraints

INFO: [Project 1-111] Unisim Transformation Summary:
No Unisim elements were transformed.

Constraint Validation Runtime : Time (s): cpu = 00:00:00 ; elapsed = 00:00:00.020 . Memory (MB): peak = 657.617 ; gain = 0.000
---------------------------------------------------------------------------------
Finished Constraint Validation : Time (s): cpu = 00:00:16 ; elapsed = 00:00:18 . Memory (MB): peak = 657.617 ; gain = 415.188
---------------------------------------------------------------------------------
---------------------------------------------------------------------------------
Start Loading Part and Timing Information
---------------------------------------------------------------------------------
Loading part: xc7z010clg225-1
---------------------------------------------------------------------------------
Finished Loading Part and Timing Information : Time (s): cpu = 00:00:16 ; elapsed = 00:00:18 . Memory (MB): peak = 657.617 ; gain = 415.188
---------------------------------------------------------------------------------
---------------------------------------------------------------------------------
Start Applying 'set_property' XDC Constraints
---------------------------------------------------------------------------------
---------------------------------------------------------------------------------
Finished applying 'set_property' XDC Constraints : Time (s): cpu = 00:00:16 ; elapsed = 00:00:18 . Memory (MB): peak = 657.617 ; gain = 415.188
---------------------------------------------------------------------------------
INFO: [Synth 8-5544] ROM "channel_flag" won't be mapped to Block RAM because address size (2) smaller than threshold (5)
---------------------------------------------------------------------------------
Finished RTL Optimization Phase 2 : Time (s): cpu = 00:00:16 ; elapsed = 00:00:18 . Memory (MB): peak = 657.617 ; gain = 415.188
---------------------------------------------------------------------------------

Report RTL Partitions: 
+-+--------------+------------+----------+
| |RTL Partition |Replication |Instances |
+-+--------------+------------+----------+
+-+--------------+------------+----------+
---------------------------------------------------------------------------------
Start RTL Component Statistics 
---------------------------------------------------------------------------------
Detailed RTL Component Info : 
+---Registers : 
	               32 Bit    Registers := 1     
	               16 Bit    Registers := 1     
	                2 Bit    Registers := 2     
	                1 Bit    Registers := 2     
+---Muxes : 
	   3 Input     32 Bit        Muxes := 1     
	   2 Input     32 Bit        Muxes := 1     
	   2 Input     16 Bit        Muxes := 1     
	   2 Input      1 Bit        Muxes := 1     
---------------------------------------------------------------------------------
Finished RTL Component Statistics 
---------------------------------------------------------------------------------
---------------------------------------------------------------------------------
Start RTL Hierarchical Component Statistics 
---------------------------------------------------------------------------------
Hierarchical RTL Component report 
Module axis_to_i2s 
Detailed RTL Component Info : 
+---Registers : 
	               32 Bit    Registers := 1     
	               16 Bit    Registers := 1     
	                2 Bit    Registers := 2     
	                1 Bit    Registers := 2     
+---Muxes : 
	   3 Input     32 Bit        Muxes := 1     
	   2 Input     32 Bit        Muxes := 1     
	   2 Input     16 Bit        Muxes := 1     
	   2 Input      1 Bit        Muxes := 1     
---------------------------------------------------------------------------------
Finished RTL Hierarchical Component Statistics
---------------------------------------------------------------------------------
---------------------------------------------------------------------------------
Start Part Resource Summary
---------------------------------------------------------------------------------
Part Resources:
DSPs: 80 (col length:40)
BRAMs: 120 (col length: RAMB18 40 RAMB36 20)
---------------------------------------------------------------------------------
Finished Part Resource Summary
---------------------------------------------------------------------------------
---------------------------------------------------------------------------------
Start Cross Boundary and Area Optimization
---------------------------------------------------------------------------------
INFO: [Synth 8-3917] design zsys_axis_to_i2s_0_0 has port s_axis_tready driven by constant 1
WARNING: [Synth 8-3331] design zsys_axis_to_i2s_0_0 has unconnected port s_axis_aresetn
INFO: [Synth 8-3333] propagating constant 0 across sequential element (\U0/data_sr_reg[0] )
INFO: [Synth 8-3332] Sequential element (U0/data_sr_reg[15]) is unused and will be removed from module zsys_axis_to_i2s_0_0.
INFO: [Synth 8-3332] Sequential element (U0/data_sr_reg[14]) is unused and will be removed from module zsys_axis_to_i2s_0_0.
INFO: [Synth 8-3332] Sequential element (U0/data_sr_reg[13]) is unused and will be removed from module zsys_axis_to_i2s_0_0.
INFO: [Synth 8-3332] Sequential element (U0/data_sr_reg[12]) is unused and will be removed from module zsys_axis_to_i2s_0_0.
INFO: [Synth 8-3332] Sequential element (U0/data_sr_reg[11]) is unused and will be removed from module zsys_axis_to_i2s_0_0.
INFO: [Synth 8-3332] Sequential element (U0/data_sr_reg[10]) is unused and will be removed from module zsys_axis_to_i2s_0_0.
INFO: [Synth 8-3332] Sequential element (U0/data_sr_reg[9]) is unused and will be removed from module zsys_axis_to_i2s_0_0.
INFO: [Synth 8-3332] Sequential element (U0/data_sr_reg[8]) is unused and will be removed from module zsys_axis_to_i2s_0_0.
INFO: [Synth 8-3332] Sequential element (U0/data_sr_reg[7]) is unused and will be removed from module zsys_axis_to_i2s_0_0.
INFO: [Synth 8-3332] Sequential element (U0/data_sr_reg[6]) is unused and will be removed from module zsys_axis_to_i2s_0_0.
INFO: [Synth 8-3332] Sequential element (U0/data_sr_reg[5]) is unused and will be removed from module zsys_axis_to_i2s_0_0.
INFO: [Synth 8-3332] Sequential element (U0/data_sr_reg[4]) is unused and will be removed from module zsys_axis_to_i2s_0_0.
INFO: [Synth 8-3332] Sequential element (U0/data_sr_reg[3]) is unused and will be removed from module zsys_axis_to_i2s_0_0.
INFO: [Synth 8-3332] Sequential element (U0/data_sr_reg[2]) is unused and will be removed from module zsys_axis_to_i2s_0_0.
INFO: [Synth 8-3332] Sequential element (U0/data_sr_reg[1]) is unused and will be removed from module zsys_axis_to_i2s_0_0.
INFO: [Synth 8-3332] Sequential element (U0/data_sr_reg[0]) is unused and will be removed from module zsys_axis_to_i2s_0_0.
---------------------------------------------------------------------------------
Finished Cross Boundary and Area Optimization : Time (s): cpu = 00:00:17 ; elapsed = 00:00:18 . Memory (MB): peak = 657.617 ; gain = 415.188
---------------------------------------------------------------------------------

Report RTL Partitions: 
+-+--------------+------------+----------+
| |RTL Partition |Replication |Instances |
+-+--------------+------------+----------+
+-+--------------+------------+----------+
---------------------------------------------------------------------------------
Start Applying XDC Timing Constraints
---------------------------------------------------------------------------------
---------------------------------------------------------------------------------
Finished Applying XDC Timing Constraints : Time (s): cpu = 00:00:30 ; elapsed = 00:00:32 . Memory (MB): peak = 657.617 ; gain = 415.188
---------------------------------------------------------------------------------
---------------------------------------------------------------------------------
Start Timing Optimization
---------------------------------------------------------------------------------
---------------------------------------------------------------------------------
Finished Timing Optimization : Time (s): cpu = 00:00:30 ; elapsed = 00:00:32 . Memory (MB): peak = 657.617 ; gain = 415.188
---------------------------------------------------------------------------------

Report RTL Partitions: 
+-+--------------+------------+----------+
| |RTL Partition |Replication |Instances |
+-+--------------+------------+----------+
+-+--------------+------------+----------+
---------------------------------------------------------------------------------
Start Technology Mapping
---------------------------------------------------------------------------------
---------------------------------------------------------------------------------
Finished Technology Mapping : Time (s): cpu = 00:00:30 ; elapsed = 00:00:32 . Memory (MB): peak = 657.617 ; gain = 415.188
---------------------------------------------------------------------------------

Report RTL Partitions: 
+-+--------------+------------+----------+
| |RTL Partition |Replication |Instances |
+-+--------------+------------+----------+
+-+--------------+------------+----------+
---------------------------------------------------------------------------------
Start IO Insertion
---------------------------------------------------------------------------------
---------------------------------------------------------------------------------
Start Flattening Before IO Insertion
---------------------------------------------------------------------------------
---------------------------------------------------------------------------------
Finished Flattening Before IO Insertion
---------------------------------------------------------------------------------
---------------------------------------------------------------------------------
Start Final Netlist Cleanup
---------------------------------------------------------------------------------
---------------------------------------------------------------------------------
Finished Final Netlist Cleanup
---------------------------------------------------------------------------------
---------------------------------------------------------------------------------
Finished IO Insertion : Time (s): cpu = 00:00:31 ; elapsed = 00:00:32 . Memory (MB): peak = 657.617 ; gain = 415.188
---------------------------------------------------------------------------------

Report Check Netlist: 
+------+------------------+-------+---------+-------+------------------+
|      |Item              |Errors |Warnings |Status |Description       |
+------+------------------+-------+---------+-------+------------------+
|1     |multi_driven_nets |      0|        0|Passed |Multi driven nets |
+------+------------------+-------+---------+-------+------------------+
---------------------------------------------------------------------------------
Start Renaming Generated Instances
---------------------------------------------------------------------------------
---------------------------------------------------------------------------------
Finished Renaming Generated Instances : Time (s): cpu = 00:00:31 ; elapsed = 00:00:32 . Memory (MB): peak = 657.617 ; gain = 415.188
---------------------------------------------------------------------------------

Report RTL Partitions: 
+-+--------------+------------+----------+
| |RTL Partition |Replication |Instances |
+-+--------------+------------+----------+
+-+--------------+------------+----------+
---------------------------------------------------------------------------------
Start Rebuilding User Hierarchy
---------------------------------------------------------------------------------
---------------------------------------------------------------------------------
Finished Rebuilding User Hierarchy : Time (s): cpu = 00:00:31 ; elapsed = 00:00:32 . Memory (MB): peak = 657.617 ; gain = 415.188
---------------------------------------------------------------------------------
---------------------------------------------------------------------------------
Start Renaming Generated Ports
---------------------------------------------------------------------------------
---------------------------------------------------------------------------------
Finished Renaming Generated Ports : Time (s): cpu = 00:00:31 ; elapsed = 00:00:32 . Memory (MB): peak = 657.617 ; gain = 415.188
---------------------------------------------------------------------------------
---------------------------------------------------------------------------------
Start Handling Custom Attributes
---------------------------------------------------------------------------------
---------------------------------------------------------------------------------
Finished Handling Custom Attributes : Time (s): cpu = 00:00:31 ; elapsed = 00:00:32 . Memory (MB): peak = 657.617 ; gain = 415.188
---------------------------------------------------------------------------------
---------------------------------------------------------------------------------
Start Renaming Generated Nets
---------------------------------------------------------------------------------
---------------------------------------------------------------------------------
Finished Renaming Generated Nets : Time (s): cpu = 00:00:31 ; elapsed = 00:00:32 . Memory (MB): peak = 657.617 ; gain = 415.188
---------------------------------------------------------------------------------
---------------------------------------------------------------------------------
Start Writing Synthesis Report
---------------------------------------------------------------------------------

Report BlackBoxes: 
+-+--------------+----------+
| |BlackBox name |Instances |
+-+--------------+----------+
+-+--------------+----------+

Report Cell Usage: 
+------+-----+------+
|      |Cell |Count |
+------+-----+------+
|1     |LUT2 |     2|
|2     |LUT3 |    15|
|3     |LUT4 |     1|
|4     |LUT5 |     1|
|5     |FDRE |    38|
+------+-----+------+

Report Instance Areas: 
+------+---------+------------+------+
|      |Instance |Module      |Cells |
+------+---------+------------+------+
|1     |top      |            |    57|
|2     |  U0     |axis_to_i2s |    57|
+------+---------+------------+------+
---------------------------------------------------------------------------------
Finished Writing Synthesis Report : Time (s): cpu = 00:00:31 ; elapsed = 00:00:32 . Memory (MB): peak = 657.617 ; gain = 415.188
---------------------------------------------------------------------------------
Synthesis finished with 0 errors, 0 critical warnings and 1 warnings.
Synthesis Optimization Runtime : Time (s): cpu = 00:00:19 ; elapsed = 00:00:25 . Memory (MB): peak = 657.617 ; gain = 122.883
Synthesis Optimization Complete : Time (s): cpu = 00:00:31 ; elapsed = 00:00:33 . Memory (MB): peak = 657.617 ; gain = 415.188
INFO: [Project 1-571] Translating synthesized netlist
INFO: [Project 1-570] Preparing netlist for logic optimization
INFO: [Opt 31-138] Pushed 0 inverter(s) to 0 load pin(s).
INFO: [Project 1-111] Unisim Transformation Summary:
No Unisim elements were transformed.

32 Infos, 2 Warnings, 0 Critical Warnings and 0 Errors encountered.
synth_design completed successfully
synth_design: Time (s): cpu = 00:00:33 ; elapsed = 00:00:35 . Memory (MB): peak = 657.617 ; gain = 416.375
INFO: [Common 17-1381] The checkpoint 'C:/ZynqBerry/te0726-zynqberrydemo1-vivado_2017.1-build_03_20170705132546/zynqberrydemo1/vivado/zynqberrydemo1.runs/zsys_axis_to_i2s_0_0_synth_1/zsys_axis_to_i2s_0_0.dcp' has been generated.
