#-----------------------------------------------------------
# Vivado v2018.3 (64-bit)
# SW Build 2405991 on Thu Dec  6 23:38:27 MST 2018
# IP Build 2404404 on Fri Dec  7 01:43:56 MST 2018
# Start of session at: Mon Mar  4 22:13:27 2019
# Process ID: 12052
# Current directory: D:/Embed computing/VHDL/Range_Sensor_Basys3
# Command line: vivado.exe -gui_launcher_event rodinguilauncherevent4132 D:\Embed computing\VHDL\Range_Sensor_Basys3\Range_Sensor_Basys3.xpr
# Log file: D:/Embed computing/VHDL/Range_Sensor_Basys3/vivado.log
# Journal file: D:/Embed computing/VHDL/Range_Sensor_Basys3\vivado.jou
#-----------------------------------------------------------
start_gui
open_project -read_only {D:/Embed computing/VHDL/Range_Sensor_Basys3/Range_Sensor_Basys3.xpr}
INFO: [Project 1-313] Project file moved from '/home/linuxlabb/Range_Sensor_Basys3' since last save.
Scanning sources...
Finished scanning sources
WARNING: [Project 1-229] Project 'Range_Sensor_Basys3.xpr' is read-only and therefore could not be upgraded for this version of Vivado.  Use 'File | Save Project As...' if you wish to save an upgraded copy.
INFO: [IP_Flow 19-234] Refreshing IP repositories
INFO: [IP_Flow 19-1704] No user IP repositories specified
INFO: [IP_Flow 19-2313] Loaded Vivado IP repository 'D:/Vivado/Vivado/2018.3/data/ip'.
open_project: Time (s): cpu = 00:00:14 ; elapsed = 00:00:06 . Memory (MB): peak = 726.691 ; gain = 101.508
exit
INFO: [Common 17-206] Exiting Vivado at Mon Mar  4 22:17:53 2019...
