
*** Running vivado
    with args -log zsys_v_tc_0_0.vds -m64 -product Vivado -mode batch -messageDb vivado.pb -notrace -source zsys_v_tc_0_0.tcl


****** Vivado v2017.1 (64-bit)
  **** SW Build 1846317 on Fri Apr 14 18:55:03 MDT 2017
  **** IP Build 1846188 on Fri Apr 14 20:52:08 MDT 2017
    ** Copyright 1986-2017 Xilinx, Inc. All Rights Reserved.

source zsys_v_tc_0_0.tcl -notrace
Starting RTL Elaboration : Time (s): cpu = 00:00:05 ; elapsed = 00:00:05 . Memory (MB): peak = 327.234 ; gain = 83.566
INFO: [Synth 8-638] synthesizing module 'zsys_v_tc_0_0' [c:/ZynqBerry/te0726-zynqberrydemo1-vivado_2017.1-build_03_20170705132546/zynqberrydemo1/vivado/zynqberrydemo1.srcs/sources_1/bd/zsys/ip/zsys_v_tc_0_0/synth/zsys_v_tc_0_0.vhd:96]
INFO: [Synth 8-638] synthesizing module 'axi_lite_ipif' [c:/ZynqBerry/te0726-zynqberrydemo1-vivado_2017.1-build_03_20170705132546/zynqberrydemo1/vivado/zynqberrydemo1.srcs/sources_1/bd/zsys/ipshared/0ba0/hdl/axi_lite_ipif_v3_0_vh_rfs.vhd:2948]
INFO: [Synth 8-638] synthesizing module 'slave_attachment' [c:/ZynqBerry/te0726-zynqberrydemo1-vivado_2017.1-build_03_20170705132546/zynqberrydemo1/vivado/zynqberrydemo1.srcs/sources_1/bd/zsys/ipshared/0ba0/hdl/axi_lite_ipif_v3_0_vh_rfs.vhd:2341]
INFO: [Synth 8-638] synthesizing module 'address_decoder' [c:/ZynqBerry/te0726-zynqberrydemo1-vivado_2017.1-build_03_20170705132546/zynqberrydemo1/vivado/zynqberrydemo1.srcs/sources_1/bd/zsys/ipshared/0ba0/hdl/axi_lite_ipif_v3_0_vh_rfs.vhd:1775]
INFO: [Synth 8-638] synthesizing module 'pselect_f' [c:/ZynqBerry/te0726-zynqberrydemo1-vivado_2017.1-build_03_20170705132546/zynqberrydemo1/vivado/zynqberrydemo1.srcs/sources_1/bd/zsys/ipshared/0ba0/hdl/axi_lite_ipif_v3_0_vh_rfs.vhd:1534]
INFO: [Synth 8-256] done synthesizing module 'pselect_f' (1#1) [c:/ZynqBerry/te0726-zynqberrydemo1-vivado_2017.1-build_03_20170705132546/zynqberrydemo1/vivado/zynqberrydemo1.srcs/sources_1/bd/zsys/ipshared/0ba0/hdl/axi_lite_ipif_v3_0_vh_rfs.vhd:1534]
INFO: [Synth 8-638] synthesizing module 'pselect_f__parameterized0' [c:/ZynqBerry/te0726-zynqberrydemo1-vivado_2017.1-build_03_20170705132546/zynqberrydemo1/vivado/zynqberrydemo1.srcs/sources_1/bd/zsys/ipshared/0ba0/hdl/axi_lite_ipif_v3_0_vh_rfs.vhd:1534]
INFO: [Synth 8-256] done synthesizing module 'pselect_f__parameterized0' (1#1) [c:/ZynqBerry/te0726-zynqberrydemo1-vivado_2017.1-build_03_20170705132546/zynqberrydemo1/vivado/zynqberrydemo1.srcs/sources_1/bd/zsys/ipshared/0ba0/hdl/axi_lite_ipif_v3_0_vh_rfs.vhd:1534]
INFO: [Synth 8-256] done synthesizing module 'address_decoder' (2#1) [c:/ZynqBerry/te0726-zynqberrydemo1-vivado_2017.1-build_03_20170705132546/zynqberrydemo1/vivado/zynqberrydemo1.srcs/sources_1/bd/zsys/ipshared/0ba0/hdl/axi_lite_ipif_v3_0_vh_rfs.vhd:1775]
INFO: [Synth 8-256] done synthesizing module 'slave_attachment' (3#1) [c:/ZynqBerry/te0726-zynqberrydemo1-vivado_2017.1-build_03_20170705132546/zynqberrydemo1/vivado/zynqberrydemo1.srcs/sources_1/bd/zsys/ipshared/0ba0/hdl/axi_lite_ipif_v3_0_vh_rfs.vhd:2341]
INFO: [Synth 8-256] done synthesizing module 'axi_lite_ipif' (4#1) [c:/ZynqBerry/te0726-zynqberrydemo1-vivado_2017.1-build_03_20170705132546/zynqberrydemo1/vivado/zynqberrydemo1.srcs/sources_1/bd/zsys/ipshared/0ba0/hdl/axi_lite_ipif_v3_0_vh_rfs.vhd:2948]
INFO: [Synth 8-256] done synthesizing module 'zsys_v_tc_0_0' (11#1) [c:/ZynqBerry/te0726-zynqberrydemo1-vivado_2017.1-build_03_20170705132546/zynqberrydemo1/vivado/zynqberrydemo1.srcs/sources_1/bd/zsys/ip/zsys_v_tc_0_0/synth/zsys_v_tc_0_0.vhd:96]
Finished RTL Elaboration : Time (s): cpu = 00:00:13 ; elapsed = 00:00:13 . Memory (MB): peak = 489.609 ; gain = 245.941
Finished RTL Optimization Phase 1 : Time (s): cpu = 00:00:14 ; elapsed = 00:00:14 . Memory (MB): peak = 489.609 ; gain = 245.941
INFO: [Device 21-403] Loading part xc7z010clg225-1
Constraint Validation Runtime : Time (s): cpu = 00:00:00 ; elapsed = 00:00:00.098 . Memory (MB): peak = 713.324 ; gain = 0.000
Finished Constraint Validation : Time (s): cpu = 00:00:28 ; elapsed = 00:00:29 . Memory (MB): peak = 713.324 ; gain = 469.656
Finished Loading Part and Timing Information : Time (s): cpu = 00:00:28 ; elapsed = 00:00:29 . Memory (MB): peak = 713.324 ; gain = 469.656
Finished applying 'set_property' XDC Constraints : Time (s): cpu = 00:00:28 ; elapsed = 00:00:29 . Memory (MB): peak = 713.324 ; gain = 469.656
Finished RTL Optimization Phase 2 : Time (s): cpu = 00:00:33 ; elapsed = 00:00:34 . Memory (MB): peak = 713.324 ; gain = 469.656
Finished Cross Boundary and Area Optimization : Time (s): cpu = 00:00:40 ; elapsed = 00:00:41 . Memory (MB): peak = 713.324 ; gain = 469.656
Finished Applying XDC Timing Constraints : Time (s): cpu = 00:00:53 ; elapsed = 00:00:54 . Memory (MB): peak = 713.324 ; gain = 469.656
Finished Timing Optimization : Time (s): cpu = 00:00:54 ; elapsed = 00:00:55 . Memory (MB): peak = 713.324 ; gain = 469.656
Finished Technology Mapping : Time (s): cpu = 00:00:57 ; elapsed = 00:00:58 . Memory (MB): peak = 713.324 ; gain = 469.656
Finished IO Insertion : Time (s): cpu = 00:00:58 ; elapsed = 00:00:59 . Memory (MB): peak = 713.324 ; gain = 469.656
Finished Renaming Generated Instances : Time (s): cpu = 00:00:58 ; elapsed = 00:00:59 . Memory (MB): peak = 713.324 ; gain = 469.656
Finished Rebuilding User Hierarchy : Time (s): cpu = 00:00:58 ; elapsed = 00:00:59 . Memory (MB): peak = 713.324 ; gain = 469.656
Finished Renaming Generated Ports : Time (s): cpu = 00:00:58 ; elapsed = 00:00:59 . Memory (MB): peak = 713.324 ; gain = 469.656
Finished Handling Custom Attributes : Time (s): cpu = 00:00:58 ; elapsed = 00:01:00 . Memory (MB): peak = 713.324 ; gain = 469.656
Finished Renaming Generated Nets : Time (s): cpu = 00:00:58 ; elapsed = 00:01:00 . Memory (MB): peak = 713.324 ; gain = 469.656

Report Cell Usage: 
+------+-------+------+
|      |Cell   |Count |
+------+-------+------+
|1     |CARRY4 |    22|
|2     |LUT1   |    51|
|3     |LUT2   |    54|
|4     |LUT3   |   545|
|5     |LUT4   |    89|
|6     |LUT5   |   105|
|7     |LUT6   |   428|
|8     |MUXF7  |   134|
|9     |SRL16E |     6|
|10    |FDRE   |  2702|
|11    |FDSE   |   184|
+------+-------+------+
Finished Writing Synthesis Report : Time (s): cpu = 00:00:58 ; elapsed = 00:01:00 . Memory (MB): peak = 713.324 ; gain = 469.656
synth_design: Time (s): cpu = 00:01:02 ; elapsed = 00:01:03 . Memory (MB): peak = 713.324 ; gain = 472.445
