
*** Running vivado
    with args -log zsys_axis_fb_conv_0_0.vds -m64 -product Vivado -mode batch -messageDb vivado.pb -notrace -source zsys_axis_fb_conv_0_0.tcl


****** Vivado v2017.1 (64-bit)
  **** SW Build 1846317 on Fri Apr 14 18:55:03 MDT 2017
  **** IP Build 1846188 on Fri Apr 14 20:52:08 MDT 2017
    ** Copyright 1986-2017 Xilinx, Inc. All Rights Reserved.

source zsys_axis_fb_conv_0_0.tcl -notrace
Command: synth_design -top zsys_axis_fb_conv_0_0 -part xc7z010clg225-1 -mode out_of_context
Starting synth_design
Attempting to get a license for feature 'Synthesis' and/or device 'xc7z010-clg225'
INFO: [Common 17-349] Got license for feature 'Synthesis' and/or device 'xc7z010-clg225'
INFO: Launching helper process for spawning children vivado processes
INFO: Helper process launched with PID 6068 
---------------------------------------------------------------------------------
Starting RTL Elaboration : Time (s): cpu = 00:00:04 ; elapsed = 00:00:04 . Memory (MB): peak = 324.730 ; gain = 82.867
---------------------------------------------------------------------------------
INFO: [Synth 8-638] synthesizing module 'zsys_axis_fb_conv_0_0' [c:/ZynqBerry/te0726-zynqberrydemo1-vivado_2017.1-build_03_20170705132546/zynqberrydemo1/vivado/zynqberrydemo1.srcs/sources_1/bd/zsys/ip/zsys_axis_fb_conv_0_0/synth/zsys_axis_fb_conv_0_0.vhd:73]
	Parameter C_FB_MODE bound to: 1 - type: integer 
INFO: [Synth 8-3491] module 'axis_fb_conv_v1_0' declared at 'c:/ZynqBerry/te0726-zynqberrydemo1-vivado_2017.1-build_03_20170705132546/zynqberrydemo1/vivado/zynqberrydemo1.srcs/sources_1/bd/zsys/ipshared/83c4/src/axis_fb_conv_v1_0.vhd:21' bound to instance 'U0' of component 'axis_fb_conv_v1_0' [c:/ZynqBerry/te0726-zynqberrydemo1-vivado_2017.1-build_03_20170705132546/zynqberrydemo1/vivado/zynqberrydemo1.srcs/sources_1/bd/zsys/ip/zsys_axis_fb_conv_0_0/synth/zsys_axis_fb_conv_0_0.vhd:113]
INFO: [Synth 8-638] synthesizing module 'axis_fb_conv_v1_0' [c:/ZynqBerry/te0726-zynqberrydemo1-vivado_2017.1-build_03_20170705132546/zynqberrydemo1/vivado/zynqberrydemo1.srcs/sources_1/bd/zsys/ipshared/83c4/src/axis_fb_conv_v1_0.vhd:47]
	Parameter C_FB_MODE bound to: 1 - type: integer 
INFO: [Synth 8-256] done synthesizing module 'axis_fb_conv_v1_0' (1#1) [c:/ZynqBerry/te0726-zynqberrydemo1-vivado_2017.1-build_03_20170705132546/zynqberrydemo1/vivado/zynqberrydemo1.srcs/sources_1/bd/zsys/ipshared/83c4/src/axis_fb_conv_v1_0.vhd:47]
INFO: [Synth 8-256] done synthesizing module 'zsys_axis_fb_conv_0_0' (2#1) [c:/ZynqBerry/te0726-zynqberrydemo1-vivado_2017.1-build_03_20170705132546/zynqberrydemo1/vivado/zynqberrydemo1.srcs/sources_1/bd/zsys/ip/zsys_axis_fb_conv_0_0/synth/zsys_axis_fb_conv_0_0.vhd:73]
WARNING: [Synth 8-3331] design axis_fb_conv_v1_0 has unconnected port s_axis_aclk
WARNING: [Synth 8-3331] design axis_fb_conv_v1_0 has unconnected port s_axis_aresetn
WARNING: [Synth 8-3331] design axis_fb_conv_v1_0 has unconnected port s_axis_tdata[31]
WARNING: [Synth 8-3331] design axis_fb_conv_v1_0 has unconnected port s_axis_tdata[30]
WARNING: [Synth 8-3331] design axis_fb_conv_v1_0 has unconnected port s_axis_tdata[29]
WARNING: [Synth 8-3331] design axis_fb_conv_v1_0 has unconnected port s_axis_tdata[28]
WARNING: [Synth 8-3331] design axis_fb_conv_v1_0 has unconnected port s_axis_tdata[27]
WARNING: [Synth 8-3331] design axis_fb_conv_v1_0 has unconnected port s_axis_tdata[26]
WARNING: [Synth 8-3331] design axis_fb_conv_v1_0 has unconnected port s_axis_tdata[25]
WARNING: [Synth 8-3331] design axis_fb_conv_v1_0 has unconnected port s_axis_tdata[24]
---------------------------------------------------------------------------------
Finished RTL Elaboration : Time (s): cpu = 00:00:05 ; elapsed = 00:00:05 . Memory (MB): peak = 365.059 ; gain = 123.195
---------------------------------------------------------------------------------

Report Check Netlist: 
+------+------------------+-------+---------+-------+------------------+
|      |Item              |Errors |Warnings |Status |Description       |
+------+------------------+-------+---------+-------+------------------+
|1     |multi_driven_nets |      0|        0|Passed |Multi driven nets |
+------+------------------+-------+---------+-------+------------------+
---------------------------------------------------------------------------------
Finished RTL Optimization Phase 1 : Time (s): cpu = 00:00:06 ; elapsed = 00:00:05 . Memory (MB): peak = 365.059 ; gain = 123.195
---------------------------------------------------------------------------------
INFO: [Device 21-403] Loading part xc7z010clg225-1
INFO: [Project 1-570] Preparing netlist for logic optimization

Processing XDC Constraints
Initializing timing engine
Completed Processing XDC Constraints

INFO: [Project 1-111] Unisim Transformation Summary:
No Unisim elements were transformed.

Constraint Validation Runtime : Time (s): cpu = 00:00:00 ; elapsed = 00:00:00.019 . Memory (MB): peak = 566.906 ; gain = 0.000
---------------------------------------------------------------------------------
Finished Constraint Validation : Time (s): cpu = 00:00:17 ; elapsed = 00:00:17 . Memory (MB): peak = 566.906 ; gain = 325.043
---------------------------------------------------------------------------------
---------------------------------------------------------------------------------
Start Loading Part and Timing Information
---------------------------------------------------------------------------------
Loading part: xc7z010clg225-1
---------------------------------------------------------------------------------
Finished Loading Part and Timing Information : Time (s): cpu = 00:00:17 ; elapsed = 00:00:17 . Memory (MB): peak = 566.906 ; gain = 325.043
---------------------------------------------------------------------------------
---------------------------------------------------------------------------------
Start Applying 'set_property' XDC Constraints
---------------------------------------------------------------------------------
---------------------------------------------------------------------------------
Finished applying 'set_property' XDC Constraints : Time (s): cpu = 00:00:17 ; elapsed = 00:00:17 . Memory (MB): peak = 566.906 ; gain = 325.043
---------------------------------------------------------------------------------
---------------------------------------------------------------------------------
Finished RTL Optimization Phase 2 : Time (s): cpu = 00:00:17 ; elapsed = 00:00:17 . Memory (MB): peak = 566.906 ; gain = 325.043
---------------------------------------------------------------------------------

Report RTL Partitions: 
+-+--------------+------------+----------+
| |RTL Partition |Replication |Instances |
+-+--------------+------------+----------+
+-+--------------+------------+----------+
---------------------------------------------------------------------------------
Start RTL Component Statistics 
---------------------------------------------------------------------------------
Detailed RTL Component Info : 
---------------------------------------------------------------------------------
Finished RTL Component Statistics 
---------------------------------------------------------------------------------
---------------------------------------------------------------------------------
Start RTL Hierarchical Component Statistics 
---------------------------------------------------------------------------------
Hierarchical RTL Component report 
---------------------------------------------------------------------------------
Finished RTL Hierarchical Component Statistics
---------------------------------------------------------------------------------
---------------------------------------------------------------------------------
Start Part Resource Summary
---------------------------------------------------------------------------------
Part Resources:
DSPs: 80 (col length:40)
BRAMs: 120 (col length: RAMB18 40 RAMB36 20)
---------------------------------------------------------------------------------
Finished Part Resource Summary
---------------------------------------------------------------------------------
---------------------------------------------------------------------------------
Start Cross Boundary and Area Optimization
---------------------------------------------------------------------------------
WARNING: [Synth 8-3330] design zsys_axis_fb_conv_0_0 has an empty top module
WARNING: [Synth 8-3331] design zsys_axis_fb_conv_0_0 has unconnected port s_axis_tdata[31]
WARNING: [Synth 8-3331] design zsys_axis_fb_conv_0_0 has unconnected port s_axis_tdata[30]
WARNING: [Synth 8-3331] design zsys_axis_fb_conv_0_0 has unconnected port s_axis_tdata[29]
WARNING: [Synth 8-3331] design zsys_axis_fb_conv_0_0 has unconnected port s_axis_tdata[28]
WARNING: [Synth 8-3331] design zsys_axis_fb_conv_0_0 has unconnected port s_axis_tdata[27]
WARNING: [Synth 8-3331] design zsys_axis_fb_conv_0_0 has unconnected port s_axis_tdata[26]
WARNING: [Synth 8-3331] design zsys_axis_fb_conv_0_0 has unconnected port s_axis_tdata[25]
WARNING: [Synth 8-3331] design zsys_axis_fb_conv_0_0 has unconnected port s_axis_tdata[24]
WARNING: [Synth 8-3331] design zsys_axis_fb_conv_0_0 has unconnected port s_axis_aclk
WARNING: [Synth 8-3331] design zsys_axis_fb_conv_0_0 has unconnected port s_axis_aresetn
---------------------------------------------------------------------------------
Finished Cross Boundary and Area Optimization : Time (s): cpu = 00:00:17 ; elapsed = 00:00:18 . Memory (MB): peak = 566.906 ; gain = 325.043
---------------------------------------------------------------------------------

Report RTL Partitions: 
+-+--------------+------------+----------+
| |RTL Partition |Replication |Instances |
+-+--------------+------------+----------+
+-+--------------+------------+----------+
---------------------------------------------------------------------------------
Start Applying XDC Timing Constraints
---------------------------------------------------------------------------------
---------------------------------------------------------------------------------
Finished Applying XDC Timing Constraints : Time (s): cpu = 00:00:30 ; elapsed = 00:00:31 . Memory (MB): peak = 607.586 ; gain = 365.723
---------------------------------------------------------------------------------
---------------------------------------------------------------------------------
Start Timing Optimization
---------------------------------------------------------------------------------
---------------------------------------------------------------------------------
Finished Timing Optimization : Time (s): cpu = 00:00:30 ; elapsed = 00:00:31 . Memory (MB): peak = 607.586 ; gain = 365.723
---------------------------------------------------------------------------------

Report RTL Partitions: 
+-+--------------+------------+----------+
| |RTL Partition |Replication |Instances |
+-+--------------+------------+----------+
+-+--------------+------------+----------+
---------------------------------------------------------------------------------
Start Technology Mapping
---------------------------------------------------------------------------------
---------------------------------------------------------------------------------
Finished Technology Mapping : Time (s): cpu = 00:00:30 ; elapsed = 00:00:31 . Memory (MB): peak = 617.730 ; gain = 375.867
---------------------------------------------------------------------------------

Report RTL Partitions: 
+-+--------------+------------+----------+
| |RTL Partition |Replication |Instances |
+-+--------------+------------+----------+
+-+--------------+------------+----------+
---------------------------------------------------------------------------------
Start IO Insertion
---------------------------------------------------------------------------------
---------------------------------------------------------------------------------
Start Flattening Before IO Insertion
---------------------------------------------------------------------------------
---------------------------------------------------------------------------------
Finished Flattening Before IO Insertion
---------------------------------------------------------------------------------
---------------------------------------------------------------------------------
Start Final Netlist Cleanup
---------------------------------------------------------------------------------
---------------------------------------------------------------------------------
Finished Final Netlist Cleanup
---------------------------------------------------------------------------------
---------------------------------------------------------------------------------
Finished IO Insertion : Time (s): cpu = 00:00:31 ; elapsed = 00:00:31 . Memory (MB): peak = 617.730 ; gain = 375.867
---------------------------------------------------------------------------------

Report Check Netlist: 
+------+------------------+-------+---------+-------+------------------+
|      |Item              |Errors |Warnings |Status |Description       |
+------+------------------+-------+---------+-------+------------------+
|1     |multi_driven_nets |      0|        0|Passed |Multi driven nets |
+------+------------------+-------+---------+-------+------------------+
---------------------------------------------------------------------------------
Start Renaming Generated Instances
---------------------------------------------------------------------------------
---------------------------------------------------------------------------------
Finished Renaming Generated Instances : Time (s): cpu = 00:00:31 ; elapsed = 00:00:31 . Memory (MB): peak = 617.730 ; gain = 375.867
---------------------------------------------------------------------------------

Report RTL Partitions: 
+-+--------------+------------+----------+
| |RTL Partition |Replication |Instances |
+-+--------------+------------+----------+
+-+--------------+------------+----------+
---------------------------------------------------------------------------------
Start Rebuilding User Hierarchy
---------------------------------------------------------------------------------
---------------------------------------------------------------------------------
Finished Rebuilding User Hierarchy : Time (s): cpu = 00:00:31 ; elapsed = 00:00:31 . Memory (MB): peak = 617.730 ; gain = 375.867
---------------------------------------------------------------------------------
---------------------------------------------------------------------------------
Start Renaming Generated Ports
---------------------------------------------------------------------------------
---------------------------------------------------------------------------------
Finished Renaming Generated Ports : Time (s): cpu = 00:00:31 ; elapsed = 00:00:31 . Memory (MB): peak = 617.730 ; gain = 375.867
---------------------------------------------------------------------------------
---------------------------------------------------------------------------------
Start Handling Custom Attributes
---------------------------------------------------------------------------------
---------------------------------------------------------------------------------
Finished Handling Custom Attributes : Time (s): cpu = 00:00:31 ; elapsed = 00:00:31 . Memory (MB): peak = 617.730 ; gain = 375.867
---------------------------------------------------------------------------------
---------------------------------------------------------------------------------
Start Renaming Generated Nets
---------------------------------------------------------------------------------
---------------------------------------------------------------------------------
Finished Renaming Generated Nets : Time (s): cpu = 00:00:31 ; elapsed = 00:00:31 . Memory (MB): peak = 617.730 ; gain = 375.867
---------------------------------------------------------------------------------
---------------------------------------------------------------------------------
Start Writing Synthesis Report
---------------------------------------------------------------------------------

Report BlackBoxes: 
+-+--------------+----------+
| |BlackBox name |Instances |
+-+--------------+----------+
+-+--------------+----------+

Report Cell Usage: 
+-+-----+------+
| |Cell |Count |
+-+-----+------+
+-+-----+------+

Report Instance Areas: 
+------+---------+-------+------+
|      |Instance |Module |Cells |
+------+---------+-------+------+
|1     |top      |       |     0|
+------+---------+-------+------+
---------------------------------------------------------------------------------
Finished Writing Synthesis Report : Time (s): cpu = 00:00:31 ; elapsed = 00:00:31 . Memory (MB): peak = 617.730 ; gain = 375.867
---------------------------------------------------------------------------------
Synthesis finished with 0 errors, 0 critical warnings and 11 warnings.
Synthesis Optimization Runtime : Time (s): cpu = 00:00:18 ; elapsed = 00:00:24 . Memory (MB): peak = 617.730 ; gain = 174.020
Synthesis Optimization Complete : Time (s): cpu = 00:00:31 ; elapsed = 00:00:32 . Memory (MB): peak = 617.730 ; gain = 375.867
INFO: [Project 1-571] Translating synthesized netlist
INFO: [Project 1-570] Preparing netlist for logic optimization
INFO: [Opt 31-138] Pushed 0 inverter(s) to 0 load pin(s).
INFO: [Project 1-111] Unisim Transformation Summary:
No Unisim elements were transformed.

13 Infos, 21 Warnings, 0 Critical Warnings and 0 Errors encountered.
synth_design completed successfully
synth_design: Time (s): cpu = 00:00:33 ; elapsed = 00:00:33 . Memory (MB): peak = 631.254 ; gain = 389.391
INFO: [Common 17-1381] The checkpoint 'C:/ZynqBerry/te0726-zynqberrydemo1-vivado_2017.1-build_03_20170705132546/zynqberrydemo1/vivado/zynqberrydemo1.runs/zsys_axis_fb_conv_0_0_synth_1/zsys_axis_fb_conv_0_0.dcp' has been generated.
INFO: [Coretcl 2-1482] Added synthesis output to IP cache for IP c:/ZynqBerry/te0726-zynqberrydemo1-vivado_2017.1-build_03_20170705132546/zynqberrydemo1/vivado/zynqberrydemo1.srcs/sources_1/bd/zsys/ip/zsys_axis_fb_conv_0_0/zsys_axis_fb_conv_0_0.xci
INFO: [Common 17-1381] The checkpoint 'C:/ZynqBerry/te0726-zynqberrydemo1-vivado_2017.1-build_03_20170705132546/zynqberrydemo1/vivado/zynqberrydemo1.runs/zsys_axis_fb_conv_0_0_synth_1/zsys_axis_fb_conv_0_0.dcp' has been generated.
report_utilization: Time (s): cpu = 00:00:00 ; elapsed = 00:00:00.022 . Memory (MB): peak = 631.254 ; gain = 0.000
INFO: [Common 17-206] Exiting Vivado at Tue Sep 19 15:18:50 2017...
